<?xml version="1.0" encoding="UTF-8"?>
<!-- Generated by org.testng.reporters.JUnitReportReporter -->
<testsuite skipped="0" hostname="L510095" name="com.qa.qs.tests.CustomerPageTest" tests="4" failures="0" timestamp="02 Mar 2022 07:18:41 GMT" time="101.269" errors="0">
  <testcase name="verifyCustomerPageHeaderTest" time="2.079" classname="com.qa.qs.tests.CustomerPageTest"/>
  <testcase name="verifyCreateContactTest" time="32.581" classname="com.qa.qs.tests.CustomerPageTest"/>
  <testcase name="verifyCreateContactTest" time="33.513" classname="com.qa.qs.tests.CustomerPageTest"/>
  <testcase name="verifyCreateContactTest" time="33.096" classname="com.qa.qs.tests.CustomerPageTest"/>
</testsuite> <!-- com.qa.qs.tests.CustomerPageTest -->
