<?xml version="1.0" encoding="UTF-8"?>
<!-- Generated by org.testng.reporters.JUnitReportReporter -->
<testsuite skipped="0" hostname="L510095" name="com.qa.qs.tests.LoginPageTest" tests="2" failures="0" timestamp="24 Jun 2021 07:50:46 GMT" time="11.183" errors="0">
  <testcase name="verifyLoginPageTitle" time="0.551" classname="com.qa.qs.tests.LoginPageTest"/>
  <testcase name="loginTest" time="10.632" classname="com.qa.qs.tests.LoginPageTest"/>
</testsuite> <!-- com.qa.qs.tests.LoginPageTest -->
