<?xml version="1.0" encoding="UTF-8"?>
<!-- Generated by org.testng.reporters.JUnitReportReporter -->
<testsuite skipped="0" hostname="L510095" name="com.qa.qs.tests.CustomerPageTest" tests="2" failures="0" timestamp="24 Jun 2021 07:50:46 GMT" time="43.107" errors="0">
  <testcase name="verifyCustomerPageHeaderTest" time="3.949" classname="com.qa.qs.tests.CustomerPageTest"/>
  <testcase name="verifyCreateContactTest" time="39.158" classname="com.qa.qs.tests.CustomerPageTest"/>
</testsuite> <!-- com.qa.qs.tests.CustomerPageTest -->
