<?xml version="1.0" encoding="UTF-8"?>
<!-- Generated by org.testng.reporters.JUnitReportReporter -->
<testsuite skipped="0" hostname="L510095" name="com.qa.qs.tests.BolClassTest" tests="9" failures="0" timestamp="25 Feb 2022 09:27:29 GMT" time="60.057" errors="0">
  <testcase name="verifyBolClassPageHeader" time="2.020" classname="com.qa.qs.tests.BolClassTest"/>
  <testcase name="verifyCreateBOLCalssTest" time="15.507" classname="com.qa.qs.tests.BolClassTest"/>
  <testcase name="verifyCreateBOLCalssTest" time="15.531" classname="com.qa.qs.tests.BolClassTest"/>
  <testcase name="verifyCreateBOLCalssTest" time="15.367" classname="com.qa.qs.tests.BolClassTest"/>
  <testcase name="verifyUpdateBOLClassDataTest" time="2.238" classname="com.qa.qs.tests.BolClassTest"/>
  <testcase name="verifyUpdateBOLClassSaveDataTest" time="1.174" classname="com.qa.qs.tests.BolClassTest"/>
  <testcase name="getDeleteBolClassDataNoTest" time="2.199" classname="com.qa.qs.tests.BolClassTest"/>
  <testcase name="getDeleteBolClassDataYesTest" time="3.011" classname="com.qa.qs.tests.BolClassTest"/>
  <testcase name="getDeleteBolClassDataYesTest" time="3.010" classname="com.qa.qs.tests.BolClassTest"/>
</testsuite> <!-- com.qa.qs.tests.BolClassTest -->
