<?xml version="1.0" encoding="UTF-8"?>
<!-- Generated by org.testng.reporters.JUnitReportReporter -->
<testsuite skipped="0" hostname="L510095" name="com.qa.qs.tests.SetUpPageTest" tests="2" failures="0" timestamp="25 Feb 2022 09:25:00 GMT" time="2.043" errors="0">
  <testcase name="setUpPageTitleTest" time="0.029" classname="com.qa.qs.tests.SetUpPageTest"/>
  <testcase name="setUpPageHeaderTest" time="2.014" classname="com.qa.qs.tests.SetUpPageTest"/>
</testsuite> <!-- com.qa.qs.tests.SetUpPageTest -->
