<?xml version="1.0" encoding="UTF-8"?>
<!-- Generated by org.testng.reporters.JUnitReportReporter -->
<testsuite skipped="0" hostname="L510095" name="com.qa.qs.tests.LoginPageTest" tests="2" failures="0" timestamp="25 Feb 2022 09:25:00 GMT" time="8.586" errors="0">
  <testcase name="verifyLoginPageTitle" time="0.174" classname="com.qa.qs.tests.LoginPageTest"/>
  <testcase name="loginTest" time="8.412" classname="com.qa.qs.tests.LoginPageTest"/>
</testsuite> <!-- com.qa.qs.tests.LoginPageTest -->
