<?xml version="1.0" encoding="UTF-8"?>
<!-- Generated by org.testng.reporters.JUnitReportReporter -->
<testsuite skipped="0" hostname="L510095" name="com.qa.qs.tests.ProductPageTest" tests="4" failures="0" timestamp="25 Feb 2022 09:25:00 GMT" time="112.754" errors="0">
  <testcase name="verifyProductPageHeaderTest" time="2.077" classname="com.qa.qs.tests.ProductPageTest"/>
  <testcase name="verifyProductAddRecordTest" time="36.426" classname="com.qa.qs.tests.ProductPageTest"/>
  <testcase name="verifyProductAddRecordTest" time="36.239" classname="com.qa.qs.tests.ProductPageTest"/>
  <testcase name="verifyProductAddRecordTest" time="38.012" classname="com.qa.qs.tests.ProductPageTest"/>
</testsuite> <!-- com.qa.qs.tests.ProductPageTest -->
